This file contains any messages produced by compilers while
running configure, to aid debugging if configure makes a mistake.

It was created by rcomm configure 0.1, which was
generated by GNU Autoconf 2.64.  Invocation command line was

  $ ./configure 

## --------- ##
## Platform. ##
## --------- ##

hostname = mobile-tek.home
uname -m = i686
uname -r = 2.6.31.5-desktop586-1mnb
uname -s = Linux
uname -v = #1 SMP Fri Oct 23 00:21:26 EDT 2009

/usr/bin/uname -p = unknown
/bin/uname -X     = unknown

/bin/arch              = i686
/usr/bin/arch -k       = unknown
/usr/convex/getsysinfo = unknown
/usr/bin/hostinfo      = unknown
/bin/machine           = unknown
/usr/bin/oslevel       = unknown
/bin/universe          = unknown

PATH: /bin
PATH: /usr/bin
PATH: /usr/local/bin
PATH: /usr/games
PATH: /usr/lib/qt4/bin
PATH: /usr/bin
PATH: /opt/kde3/bin
PATH: /home/ddreggors/bin


## ----------- ##
## Core tests. ##
## ----------- ##

configure:1833: checking for a BSD-compatible install
configure:1901: result: /usr/bin/install -c
configure:1912: checking whether build environment is sane
configure:1962: result: yes
configure:2103: checking for a thread-safe mkdir -p
configure:2142: result: /bin/mkdir -p
configure:2155: checking for gawk
configure:2171: found /bin/gawk
configure:2182: result: gawk
configure:2193: checking whether make sets $(MAKE)
configure:2215: result: yes
configure:2345: checking for gcc
configure:2361: found /usr/bin/gcc
configure:2372: result: gcc
configure:2601: checking for C compiler version
configure:2610: gcc --version >&5
gcc (GCC) 4.4.1
Copyright (C) 2009 Free Software Foundation, Inc.
This is free software; see the source for copying conditions.  There is NO
warranty; not even for MERCHANTABILITY or FITNESS FOR A PARTICULAR PURPOSE.

configure:2621: $? = 0
configure:2610: gcc -v >&5
Using built-in specs.
Target: i586-manbo-linux-gnu
Configured with: ../configure --prefix=/usr --libexecdir=/usr/lib --with-slibdir=/lib --with-bugurl=https://qa.mandriva.com/ --mandir=/usr/share/man --infodir=/usr/share/info --enable-checking=release --enable-languages=c,c++,ada,fortran,objc,obj-c++,java --build=i586-manbo-linux-gnu --host=i586-manbo-linux-gnu --with-cpu=generic --with-system-zlib --enable-threads=posix --enable-shared --enable-objc-gc --enable-long-long --enable-__cxa_atexit --disable-libunwind-exceptions --enable-clocale=gnu --enable-java-awt=gtk --with-java-home=/usr/lib/jvm/java-1.5.0-gcj-1.5.0.0/jre --with-ecj-jar=/usr/share/java/eclipse-ecj.jar --enable-gtk-cairo --disable-libjava-multilib --enable-ssp --disable-libssp --disable-werror --with-ppl --with-cloog --with-python-dir=/lib/python2.6/site-packages
Thread model: posix
gcc version 4.4.1 (GCC) 
configure:2621: $? = 0
configure:2610: gcc -V >&5
gcc: '-V' option must have argument
configure:2621: $? = 1
configure:2610: gcc -qversion >&5
gcc: unrecognized option '-qversion'
gcc: no input files
configure:2621: $? = 1
configure:2643: checking for C compiler default output file name
configure:2665: gcc    conftest.c  >&5
configure:2669: $? = 0
configure:2706: result: a.out
configure:2722: checking whether the C compiler works
configure:2731: ./a.out
configure:2735: $? = 0
configure:2750: result: yes
configure:2757: checking whether we are cross compiling
configure:2759: result: no
configure:2762: checking for suffix of executables
configure:2769: gcc -o conftest    conftest.c  >&5
configure:2773: $? = 0
configure:2795: result: 
configure:2801: checking for suffix of object files
configure:2823: gcc -c   conftest.c >&5
configure:2827: $? = 0
configure:2848: result: o
configure:2852: checking whether we are using the GNU C compiler
configure:2871: gcc -c   conftest.c >&5
configure:2871: $? = 0
configure:2880: result: yes
configure:2889: checking whether gcc accepts -g
configure:2909: gcc -c -g  conftest.c >&5
configure:2909: $? = 0
configure:2950: result: yes
configure:2967: checking for gcc option to accept ISO C89
configure:3031: gcc  -c -g -O2  conftest.c >&5
configure:3031: $? = 0
configure:3044: result: none needed
configure:3075: checking for style of include used by make
configure:3103: result: GNU
configure:3128: checking dependency style of gcc
configure:3238: result: gcc3
configure:3312: checking for g++
configure:3328: found /usr/bin/g++
configure:3339: result: g++
configure:3366: checking for C++ compiler version
configure:3375: g++ --version >&5
g++ (GCC) 4.4.1
Copyright (C) 2009 Free Software Foundation, Inc.
This is free software; see the source for copying conditions.  There is NO
warranty; not even for MERCHANTABILITY or FITNESS FOR A PARTICULAR PURPOSE.

configure:3386: $? = 0
configure:3375: g++ -v >&5
Using built-in specs.
Target: i586-manbo-linux-gnu
Configured with: ../configure --prefix=/usr --libexecdir=/usr/lib --with-slibdir=/lib --with-bugurl=https://qa.mandriva.com/ --mandir=/usr/share/man --infodir=/usr/share/info --enable-checking=release --enable-languages=c,c++,ada,fortran,objc,obj-c++,java --build=i586-manbo-linux-gnu --host=i586-manbo-linux-gnu --with-cpu=generic --with-system-zlib --enable-threads=posix --enable-shared --enable-objc-gc --enable-long-long --enable-__cxa_atexit --disable-libunwind-exceptions --enable-clocale=gnu --enable-java-awt=gtk --with-java-home=/usr/lib/jvm/java-1.5.0-gcj-1.5.0.0/jre --with-ecj-jar=/usr/share/java/eclipse-ecj.jar --enable-gtk-cairo --disable-libjava-multilib --enable-ssp --disable-libssp --disable-werror --with-ppl --with-cloog --with-python-dir=/lib/python2.6/site-packages
Thread model: posix
gcc version 4.4.1 (GCC) 
configure:3386: $? = 0
configure:3375: g++ -V >&5
g++: '-V' option must have argument
configure:3386: $? = 1
configure:3375: g++ -qversion >&5
g++: unrecognized option '-qversion'
g++: no input files
configure:3386: $? = 1
configure:3390: checking whether we are using the GNU C++ compiler
configure:3409: g++ -c   conftest.cpp >&5
configure:3409: $? = 0
configure:3418: result: yes
configure:3427: checking whether g++ accepts -g
configure:3447: g++ -c -g  conftest.cpp >&5
configure:3447: $? = 0
configure:3488: result: yes
configure:3513: checking dependency style of g++
configure:3623: result: gcc3
configure:3801: creating ./config.status

## ---------------------- ##
## Running config.status. ##
## ---------------------- ##

This file was extended by rcomm config.status 0.1, which was
generated by GNU Autoconf 2.64.  Invocation command line was

  CONFIG_FILES    = 
  CONFIG_HEADERS  = 
  CONFIG_LINKS    = 
  CONFIG_COMMANDS = 
  $ ./config.status 

on mobile-tek.home

config.status:774: creating Makefile
config.status:774: creating rcomm/Makefile
config.status:774: creating rcommd/Makefile
config.status:937: executing depfiles commands

## ---------------- ##
## Cache variables. ##
## ---------------- ##

ac_cv_c_compiler_gnu=yes
ac_cv_cxx_compiler_gnu=yes
ac_cv_env_CCC_set=
ac_cv_env_CCC_value=
ac_cv_env_CC_set=
ac_cv_env_CC_value=
ac_cv_env_CFLAGS_set=
ac_cv_env_CFLAGS_value=
ac_cv_env_CPPFLAGS_set=
ac_cv_env_CPPFLAGS_value=
ac_cv_env_CXXFLAGS_set=
ac_cv_env_CXXFLAGS_value=
ac_cv_env_CXX_set=
ac_cv_env_CXX_value=
ac_cv_env_LDFLAGS_set=
ac_cv_env_LDFLAGS_value=
ac_cv_env_LIBS_set=
ac_cv_env_LIBS_value=
ac_cv_env_build_alias_set=
ac_cv_env_build_alias_value=
ac_cv_env_host_alias_set=
ac_cv_env_host_alias_value=
ac_cv_env_target_alias_set=
ac_cv_env_target_alias_value=
ac_cv_objext=o
ac_cv_path_install='/usr/bin/install -c'
ac_cv_path_mkdir=/bin/mkdir
ac_cv_prog_AWK=gawk
ac_cv_prog_ac_ct_CC=gcc
ac_cv_prog_ac_ct_CXX=g++
ac_cv_prog_cc_c89=
ac_cv_prog_cc_g=yes
ac_cv_prog_cxx_g=yes
ac_cv_prog_make_make_set=yes
am_cv_CC_dependencies_compiler_type=gcc3
am_cv_CXX_dependencies_compiler_type=gcc3

## ----------------- ##
## Output variables. ##
## ----------------- ##

ACLOCAL='${SHELL} /home/ddreggors/workspace/rcomm_cb/missing --run aclocal-1.11'
AMDEPBACKSLASH='\'
AMDEP_FALSE='#'
AMDEP_TRUE=''
AMTAR='${SHELL} /home/ddreggors/workspace/rcomm_cb/missing --run tar'
AUTOCONF='${SHELL} /home/ddreggors/workspace/rcomm_cb/missing --run autoconf'
AUTOHEADER='${SHELL} /home/ddreggors/workspace/rcomm_cb/missing --run autoheader'
AUTOMAKE='${SHELL} /home/ddreggors/workspace/rcomm_cb/missing --run automake-1.11'
AWK='gawk'
CC='gcc'
CCDEPMODE='depmode=gcc3'
CFLAGS='-O2 -w -s'
CPPFLAGS=''
CXX='g++'
CXXDEPMODE='depmode=gcc3'
CXXFLAGS='-g -O2 -w -s'
CYGPATH_W='echo'
DEFS='-DPACKAGE_NAME=\"rcomm\" -DPACKAGE_TARNAME=\"rcomm\" -DPACKAGE_VERSION=\"0.1\" -DPACKAGE_STRING=\"rcomm\ 0.1\" -DPACKAGE_BUGREPORT=\"\" -DPACKAGE_URL=\"\" -DPACKAGE=\"rcomm\" -DVERSION=\"0.1\"'
DEPDIR='.deps'
ECHO_C=''
ECHO_N='-n'
ECHO_T=''
EXEEXT=''
INSTALL_DATA='${INSTALL} -m 644'
INSTALL_PROGRAM='${INSTALL}'
INSTALL_SCRIPT='${INSTALL}'
INSTALL_STRIP_PROGRAM='$(install_sh) -c -s'
LDFLAGS=''
LIBOBJS=''
LIBS=''
LTLIBOBJS=''
MAKEINFO='${SHELL} /home/ddreggors/workspace/rcomm_cb/missing --run makeinfo'
MKDIR_P='/bin/mkdir -p'
OBJEXT='o'
PACKAGE='rcomm'
PACKAGE_BUGREPORT=''
PACKAGE_NAME='rcomm'
PACKAGE_STRING='rcomm 0.1'
PACKAGE_TARNAME='rcomm'
PACKAGE_URL=''
PACKAGE_VERSION='0.1'
PATH_SEPARATOR=':'
SET_MAKE=''
SHELL='/bin/sh'
STRIP=''
VERSION='0.1'
ac_ct_CC='gcc'
ac_ct_CXX='g++'
am__EXEEXT_FALSE=''
am__EXEEXT_TRUE='#'
am__fastdepCC_FALSE='#'
am__fastdepCC_TRUE=''
am__fastdepCXX_FALSE='#'
am__fastdepCXX_TRUE=''
am__include='include'
am__isrc=''
am__leading_dot='.'
am__quote=''
am__tar='${AMTAR} chof - "$$tardir"'
am__untar='${AMTAR} xf -'
bindir='${exec_prefix}/rcomm/bin'
build_alias=''
datadir='${datarootdir}'
datarootdir='${prefix}/share'
docdir='${datarootdir}/doc/${PACKAGE_TARNAME}'
dvidir='${docdir}'
exec_prefix='/usr/local'
host_alias=''
htmldir='${docdir}'
includedir='${prefix}/include'
infodir='${datarootdir}/info'
install_sh='${SHELL} /home/ddreggors/workspace/rcomm_cb/install-sh'
libdir='${exec_prefix}/lib'
libexecdir='${exec_prefix}/libexec'
localedir='${datarootdir}/locale'
localstatedir='${prefix}/var'
mandir='${datarootdir}/man'
mkdir_p='/bin/mkdir -p'
oldincludedir='/usr/include'
pdfdir='${docdir}'
prefix='/usr/local'
program_transform_name='s,x,x,'
psdir='${docdir}'
sbindir='${exec_prefix}/rcomm/sbin'
sharedstatedir='${prefix}/com'
sysconfdir='${prefix}/etc'
target_alias=''

## ----------- ##
## confdefs.h. ##
## ----------- ##

/* confdefs.h */
#define PACKAGE_NAME "rcomm"
#define PACKAGE_TARNAME "rcomm"
#define PACKAGE_VERSION "0.1"
#define PACKAGE_STRING "rcomm 0.1"
#define PACKAGE_BUGREPORT ""
#define PACKAGE_URL ""
#define PACKAGE "rcomm"
#define VERSION "0.1"

configure: exit 0
